<?xml version="1.0" encoding="UTF-8"?>
<!-- Generated by org.testng.reporters.JUnitReportReporter -->
<testsuite hostname="YUYISNONIS" failures="0" tests="1" name="BotonWhatsappTest" time="4.330" errors="0" timestamp="26 May 2025 20:02:41 GMT">
  <testcase classname="BotonWhatsappTest" name="verificarBotonWhatsappRedirecciona" time="4.330"/>
</testsuite> <!-- BotonWhatsappTest -->
