<?xml version="1.0" encoding="UTF-8"?>
<!-- Generated by org.testng.reporters.JUnitReportReporter -->
<testsuite hostname="LAPTOP-NAHQLI7L" failures="0" tests="1" name="contactos" time="5.110" errors="0" timestamp="26 May 2025 17:51:13 GMT">
  <testcase classname="contactos" name="pruebaFormularioContacto" time="5.110"/>
</testsuite> <!-- contactos -->
