<?xml version="1.0" encoding="UTF-8"?>
<!-- Generated by org.testng.reporters.JUnitReportReporter -->
<testsuite hostname="YUYISNONIS" failures="0" tests="1" name="GoogleSearchResultTest" time="31.957" errors="0" timestamp="26 May 2025 02:13:33 GMT">
  <testcase classname="GoogleSearchResultTest" name="verificarResultadosBusqueda" time="31.957"/>
</testsuite> <!-- GoogleSearchResultTest -->
