<?xml version="1.0" encoding="UTF-8"?>
<!-- Generated by org.testng.reporters.JUnitReportReporter -->
<testsuite hostname="LAPTOP-NAHQLI7L" failures="0" tests="1" name="contactos" time="4.861" errors="0" timestamp="26 May 2025 20:54:51 GMT">
  <testcase classname="contactos" name="pruebaFormularioContacto" time="4.861"/>
</testsuite> <!-- contactos -->
