<?xml version="1.0" encoding="UTF-8"?>
<!-- Generated by org.testng.reporters.JUnitReportReporter -->
<testsuite hostname="LAPTOP-NAHQLI7L" failures="0" tests="1" name="RegistroDZoneTest" time="15.581" errors="0" timestamp="25 May 2025 22:07:52 GMT">
  <testcase classname="RegistroDZoneTest" name="verificarMensajeErrorAlRegistrar" time="15.581"/>
</testsuite> <!-- RegistroDZoneTest -->
