<?xml version="1.0" encoding="UTF-8"?>
<!-- Generated by org.testng.reporters.JUnitReportReporter -->
<testsuite hostname="LAPTOP-SUDPBHI3" failures="0" tests="1" name="BuscarGoogleTest" time="3.896" errors="0" timestamp="24 May 2025 17:01:44 GMT">
  <testcase classname="BuscarGoogleTest" name="paginaPrincipalGoogle" time="3.896"/>
</testsuite> <!-- BuscarGoogleTest -->
