<?xml version="1.0" encoding="UTF-8"?>
<!-- Generated by org.testng.reporters.JUnitReportReporter -->
<testsuite hostname="LAPTOP-SUDPBHI3" failures="0" tests="4" name="ReclamosTest" time="5.101" errors="0" timestamp="26 May 2025 15:59:53 GMT">
  <testcase classname="ReclamosTest" name="verificarOpcionesSelectDepartamento" time="1.600"/>
  <testcase classname="ReclamosTest" name="verificarFormularioReclamosCompleto" time="2.064"/>
  <testcase classname="ReclamosTest" name="verificarOpcionesSelectTipoReclamo" time="0.606"/>
  <testcase classname="ReclamosTest" name="verificarCamposObligatorios" time="0.831"/>
</testsuite> <!-- ReclamosTest -->
