<?xml version="1.0" encoding="UTF-8"?>
<!-- Generated by org.testng.reporters.JUnitReportReporter -->
<testsuite hostname="LAPTOP-NAHQLI7L" failures="0" tests="1" name="HackerTyperTest" time="3.927" errors="0" timestamp="26 May 2025 04:23:37 GMT">
  <testcase classname="HackerTyperTest" name="escribirComoHacker" time="3.927"/>
</testsuite> <!-- HackerTyperTest -->
