<?xml version="1.0" encoding="UTF-8"?>
<!-- Generated by org.testng.reporters.JUnitReportReporter -->
<testsuite hostname="LAPTOP-NAHQLI7L" failures="0" tests="4" name="HackerTyperTest" time="15.156" errors="0" timestamp="26 May 2025 12:57:48 GMT">
  <testcase classname="HackerTyperTest" name="escribirComoHacker" time="3.948"/>
  <testcase classname="HackerTyperTest" name="buscarSitioPorNombre" time="5.530"/>
  <testcase classname="HackerTyperTest" name="verificarTituloDeBrowse" time="0.748"/>
  <testcase classname="HackerTyperTest" name="clickEnPrimerSitioListado" time="4.930"/>
</testsuite> <!-- HackerTyperTest -->
